================================================================================
Appcelerator Titanium Diagnostics Build Log
The contents of this file are useful to send to Appcelerator Support if
reporting an issue to help us understand your environment, build settings
and aid in debugging. Please attach this log to any issue that you report.
================================================================================

Starting build at 08/01/12 12:03

Build details:

   timestamp=06/28/12 12:16
   module_apiversion=2
   version=2.1.0
   githash=6e3cab6


Script arguments:
   /Users/hbcumobile/Library/Application Support/Titanium/mobilesdk/osx/2.1.0.GA/iphone/builder.py
   simulator
   5.1
   /Users/hbcumobile/Documents/Titanium_Studio_Workspace/CustomTabGroup
   com.jamilspain.tabgroup
   CustomTabGroup
   iphone
   iphone
   

Building from: /Users/hbcumobile/Library/Application Support/Titanium/mobilesdk/osx/2.1.0.GA/iphone
Platform: Darwin Kernel Version 11.4.0: Mon Apr  9 19:32:15 PDT 2012; root:xnu-1699.26.8~1/RELEASE_X86_64

Xcode path is: /Applications/Xcode.app/Contents/Developer


githash=6e3cab6, existing_git_hash=6e3cab6
writing contents of /Users/hbcumobile/Documents/Titanium_Studio_Workspace/CustomTabGroup/build/iphone/project.xcconfig:

TI_VERSION=2.1.0.GA
TI_SDK_DIR=/Users/hbcumobile/Library/Application Support/Titanium/mobilesdk/osx/$(TI_VERSION)/iphone
TI_APPID=com.jamilspain.tabgroup
OTHER_LDFLAGS[sdk=iphoneos*]=$(inherited) -weak_framework iAd
OTHER_LDFLAGS[sdk=iphonesimulator*]=$(inherited) -weak_framework iAd
#include "module"

old contents


Generated the following stylecode code:

<?xml version="1.0" encoding="UTF-8"?>
<!DOCTYPE plist PUBLIC "-//Apple//DTD PLIST 1.0//EN" "http://www.apple.com/DTDs/PropertyList-1.0.dtd">
<plist version="1.0">
	<dict>
		<key>classes</key>
		<dict>
<key>app</key>
<dict>
</dict>
</dict>

		<key>classes_density</key>
		<dict>
<key>app</key>
<dict>
</dict>
</dict>

		<key>ids</key>
		<dict>
<key>app</key>
<dict>
<key>bottomBar</key>
<dict>
<key>height</key>
<string>60</string>
<key>backgroundImage</key>
<string>images/iphone-bottombar.png</string>
<key>bottom</key>
<string>0</string>
</dict>
<key>tabGroupColor</key>
<dict>
<key>barColor</key>
<string>#000</string>
</dict>
</dict>
</dict>

		<key>ids_density</key>
		<dict>
<key>app</key>
<dict>
</dict>
</dict>

		<key>tags</key>
		<dict>
<key>app</key>
<dict>
</dict>
</dict>

		<key>tags_density</key>
		<dict>
<key>app</key>
<dict>
</dict>
</dict>

	</dict>
</plist>
Finishing build
